[2J[01;01H[=3h[2J[01;01H[2J[01;01H[=3h[2J[01;01H[2J[01;01H[=3h[2J[01;01HBdsDxe: failed to load Boot0001 "UEFI QEMU DVD-ROM QM00003 " from PciRoot(0x0)/Pci(0x1,0x1)/Ata(Secondary,Master,0x0): Not Found
BdsDxe: loading Boot0002 "UEFI QEMU HARDDISK QM00001 " from PciRoot(0x0)/Pci(0x1,0x1)/Ata(Primary,Master,0x0)
BdsDxe: starting Boot0002 "UEFI QEMU HARDDISK QM00001 " from PciRoot(0x0)/Pci(0x1,0x1)/Ata(Primary,Master,0x0)
[2J[01;01H[01;01H[2J[01;01H[01;01HSerial PrintK started.
Loading the x86_64 GDT
GDT Loaded.
Bitmap allocator started: 7154Mb free out of 8192Mb
Memory map:
[0x1000 - 0xa0000] -> Usable
[0x100000 - 0x800000] -> Usable
[0x800000 - 0x808000] -> ACPI NVS
[0x808000 - 0x80b000] -> Usable
[0x80b000 - 0x80c000] -> ACPI NVS
[0x80c000 - 0x810000] -> Usable
[0x810000 - 0x900000] -> ACPI NVS
[0x900000 - 0xb9875000] -> Usable
[0xb9875000 - 0xba075000] -> Bootloader reclaimable
[0xba075000 - 0xbe12f000] -> Usable
[0xbe12f000 - 0xbe134000] -> Reserved
[0xbe134000 - 0xbe145000] -> Usable
[0xbe145000 - 0xbe174000] -> Bootloader reclaimable
[0xbe174000 - 0xbe199000] -> Usable
[0xbe199000 - 0xbe1a4000] -> Reserved
[0xbe1a4000 - 0xbf4ed000] -> Usable
[0xbf4ed000 - 0xbf5ed000] -> Reserved
[0xbf5ed000 - 0xbf6ed000] -> Reserved
[0xbf6ed000 - 0xbf76d000] -> Reserved
[0xbf76d000 - 0xbf77f000] -> ACPI Reclaimable
[0xbf77f000 - 0xbf7ff000] -> ACPI NVS
[0xbf7ff000 - 0xbfe12000] -> Usable
[0xbfe12000 - 0xbfe13000] -> Bootloader reclaimable
[0xbfe13000 - 0xbfe15000] -> Usable
[0xbfe15000 - 0xbfe1f000] -> Bootloader reclaimable
[0xbfe1f000 - 0xbfe39000] -> Kernel and modules
[0xbfe39000 - 0xbfe47000] -> Bootloader reclaimable
[0xbfe47000 - 0xbfe87000] -> Usable
[0xbfe87000 - 0xbfedb000] -> Bootloader reclaimable
[0xbfedb000 - 0xbff58000] -> Usable
[0xbff58000 - 0xbff78000] -> Reserved
[0xbff78000 - 0xc0000000] -> ACPI NVS
[0xc0000000 - 0xc03e8000] -> Framebuffer
[0x100000000 - 0x240000000] -> Usable
Done mapping.
Done.
Initializing the heap at 0xffffffff9ff00000 with 4096 pages.
16777216 bytes memory allocated.
Free bootmem memory: 63kb out of 64kb.
Starting the VFS.
Mounting fs in dev.
Mounting fs in proc.
Listing ramfs...
 - proc
 - dev
Listing dev...
 - tty
The VFS has been initialized.
 __  __  _                _  __
|  \/  |(_) __  _ _  ___ | |/ /
| |\/| || |/ _|| '_|/ _ \|   < 
|_|  |_||_|\__||_|  \___/|_|\_\
The operating system for the future...at your fingertips.
MicroK Started.
Free heap memory: 16146kb out of 16384kb.
Available modules:
[ /initrd.tar 0 ] INITRD
